Backup of data directory... 
Migration du modèle 'Modèle Retail'...



Le modèle 'Modèle Retail' va être migré :
 depuis: Infrastructure v2.1.03
 vers:   Infrastructure v2.1.04
 en suivant la procédure suivante :
 - Depuis 'Infrastructure v2.1.03' vers 'Infrastructure v2.1.04'


Migrating 'Modèle Retail' from Infrastructure v2.1.03 toward Infrastructure v2.1.04...
------------------------------------
Rebuilding 'Modèle Retail' indexes...
 Running 'NoopMofRepositoryModifyMigration' migrator ... 
Running class org.modelio.bpmn.diagram.editor.contributor.BpmnMmMigrationContributor migration contributor ...
Running class org.modelio.diagram.editor.contributors.DiagramMigrationContributor migration contributor ...
Migrating 'Retail - Acte Achat Magasin'{3c33d9b7-43f0-4ac2-b203-1f780bd441a8} Standard.ClassDiagram diagram in 'Usages'{acc6976b-c817-4069-8f8f-4ae0cd5e42c3} Standard.Package...
Migrating 'Vue Ville Pays'{de2348c5-f356-488e-bf69-5a1d4bf7c643} Standard.ClassDiagram diagram in 'Domaines'{acdc29fe-532a-411d-ad96-b3f8d3fdb315} Standard.Package...
Migrating 'Personne - Macro'{d26d1bce-8c21-4d09-b8d9-14214db0d3d0} Standard.ClassDiagram diagram in 'Domaines'{acdc29fe-532a-411d-ad96-b3f8d3fdb315} Standard.Package...
Migrating 'MLD - Attributes'{7aa6bb7e-7122-4402-92c7-c23145694054} Standard.ClassDiagram diagram in 'Domaines'{acdc29fe-532a-411d-ad96-b3f8d3fdb315} Standard.Package...
Migrating 'MCD - Achats magasin'{793ca5b6-0e81-434c-9169-0fcabbb50f54} Standard.ClassDiagram diagram in 'Domaines'{acdc29fe-532a-411d-ad96-b3f8d3fdb315} Standard.Package...
Migrating 'MLP - Profitabilité'{a3b27f3f-1743-414a-ae54-1e88ad767dd4} Standard.ClassDiagram diagram in 'Domaines'{acdc29fe-532a-411d-ad96-b3f8d3fdb315} Standard.Package...
Migrating 'Réseau - Magasins'{b6d946bb-ece5-4ee1-84c6-75b8cfaca50a} Standard.ClassDiagram diagram in 'Domaines'{acdc29fe-532a-411d-ad96-b3f8d3fdb315} Standard.Package...
'Modèle Retail' migration sucessful.
Archivage de la sauvegarde du modèle 'Modèle Retail' vers 'C:\Users\joset\source\repos\modelio_models\modelretailsample\Modele Retail\.runtime\fragments\Mod%e8le Retail\migration_archive'...
